PF37F967F,The Maṇicūḍa Study,http://www.dsbcproject.org/canon-text/book/6
PA0429D32,Svayambhu Purāṇa,http://www.dsbcproject.org/canon-text/book/7
PC5447014,Arya Amoghpash hrdaya nama Mahayana Sutra,http://www.dsbcproject.org/canon-text/book/9
P921E7742,Gilgit Manuscripts,http://www.dsbcproject.org/canon-text/book/11
P5F4187BA,Bulletin of the Research Institute of Bukkyo University,http://www.dsbcproject.org/canon-text/book/13
P6157506C,Gilgit Manuscripts,http://www.dsbcproject.org/canon-text/book/15
P94323521,Gilgit Manuscripts,http://www.dsbcproject.org/canon-text/book/16
PB40BA377,Gilgit Manuscripts,http://www.dsbcproject.org/canon-text/book/17
P43C52BF5,Nārāyaṇaparipṛcchā sutra,http://www.dsbcproject.org/canon-text/book/18
P46E66418,Journal of Indian and Buddhist studies,http://www.dsbcproject.org/canon-text/book/19
PA8ABFAA0,Dhih Journal Vol.33,http://www.dsbcproject.org/canon-text/book/20
P7EBB55AB,Jātakamālā,http://www.dsbcproject.org/canon-text/book/22
PB2AAF555,Gilgit Manuscripts,http://www.dsbcproject.org/canon-text/book/23
P24B2B44D,Manuscripts Remains of Buddhist literature found in Eastern Turkestan,http://www.dsbcproject.org/canon-text/book/24
P5335EF9C,Mahāyāna-sūtra-saṃgrahaḥ ( part 1),http://www.dsbcproject.org/canon-text/book/25
P5D79AAAA,Gilgit Manuscripts,http://www.dsbcproject.org/canon-text/book/26
P221EF8EE,Buddhist Himalaya Vol.1, No.2.,http://www.dsbcproject.org/canon-text/book/27
P4A4494E9,Mahāyāna-sūtra-saṃgrahaḥ ( part 1),http://www.dsbcproject.org/canon-text/book/28
PF9B3FB11,Mahāyāna-sūtra-saṃgrahaḥ ( part 1),http://www.dsbcproject.org/canon-text/book/29
P1B4B734A,Dhih Journal Vol. 34,http://www.dsbcproject.org/canon-text/book/30
PCFF0E4D8,Arya-samghata-sutra,http://www.dsbcproject.org/canon-text/book/31
PB6D7DB90,Jñānālokālaṃkāra,http://www.dsbcproject.org/canon-text/book/32
P9FF05422,Buddhist Himalaya,http://www.dsbcproject.org/canon-text/book/34
PC3291C93,Vimalakīrtinirdeśa sūtram,http://www.dsbcproject.org/canon-text/book/35
P8D2703DA,Mahāyāna-sūtra-saṃgrahaḥ ( part 1),http://www.dsbcproject.org/canon-text/book/36
P66974443,Bhavasaṅkrāntisūtram,http://www.dsbcproject.org/canon-text/book/37
PBC36540D,Catuṣpariṣat sūtram,http://www.dsbcproject.org/canon-text/book/38
PFFFE88CE,Daśabhūmikasūtram,http://www.dsbcproject.org/canon-text/book/39
P23A0AE38,Gaṇḍavyūha Sūtram,http://www.dsbcproject.org/canon-text/book/40
P5BC3454B,Guṇakāraṇḍavyūha sūtram,http://www.dsbcproject.org/canon-text/book/41
PD52692C3,Mahāyāna-sūtra-saṃgrahaḥ ( part 1),http://www.dsbcproject.org/canon-text/book/42
P663F02E5,Mahakarunapundarika Sutra,http://www.dsbcproject.org/canon-text/book/43
P826AC407,Kāśyapaparivarta-nāma-mahāyāna-sūtra,http://www.dsbcproject.org/canon-text/book/44
P324F447A,Lalitavistaraḥ,http://www.dsbcproject.org/canon-text/book/45
P004BD2EB,Mahāyāna-sūtra-saṃgrahaḥ ( part 1),http://www.dsbcproject.org/canon-text/book/46
PE6545A8A,Mahāmegha Sūtra,http://www.dsbcproject.org/canon-text/book/47
P8A802645,Mahāparinirvāṇa Sūtra,http://www.dsbcproject.org/canon-text/book/48
PA081D191,Journal of the Royal Asiatic Society,http://www.dsbcproject.org/canon-text/book/50
P9876C343,Mahāyāna-sūtra-saṃgrahaḥ ( part 1),http://www.dsbcproject.org/canon-text/book/51
P37D7E429,Saddharmalaṅkāvatārasūtram,http://www.dsbcproject.org/canon-text/book/53
P6054AA51,,http://www.dsbcproject.org/canon-text/book/54
PC9BF44FB,Mahāyāna-sūtra-saṃgrahaḥ ( part 1),http://www.dsbcproject.org/canon-text/book/55
P08310F15,Samādhirājasūtra,http://www.dsbcproject.org/canon-text/book/56
P1B2A721C,Gilgit Manuscripts,http://www.dsbcproject.org/canon-text/book/57
PC13CD916,Mahāyāna-sūtra-saṃgrahaḥ ( part 1),http://www.dsbcproject.org/canon-text/book/58
PAF111408,Mahāyāna-sūtra-saṃgrahaḥ ( part 1),http://www.dsbcproject.org/canon-text/book/59
P1E93F3ED,Suvarṇaprabhāsasūtram,http://www.dsbcproject.org/canon-text/book/60
P7D46A341,Vimalakīrtinirdeśa: A Sanskrit Edition Based upon the Manuscript Newly Found at the Potala Palace,http://www.dsbcproject.org/canon-text/book/61
P55C7DD5F,Bodhisattva-prātimokṣa-sūtram,http://www.dsbcproject.org/canon-text/book/62
P58C3319C,Gilgit Manuscripts,http://www.dsbcproject.org/canon-text/book/63
P094864A8,Dhih Journal,http://www.dsbcproject.org/canon-text/book/64
P6C666651,Mahāyāna-sūtra-saṃgrahaḥ ( part 1),http://www.dsbcproject.org/canon-text/book/65
P669EA080,Buddhist Himalaya,http://www.dsbcproject.org/canon-text/book/67
P329666C5,Aṣṭasāhasrikā prajñāpāramitā,http://www.dsbcproject.org/canon-text/book/68
PD362233D,Mahāyāna-sūtra-saṃgrahaḥ ( part 1),http://www.dsbcproject.org/canon-text/book/69
P00484FB4,Mahāyāna-sūtra-saṃgrahaḥ ( part 1),http://www.dsbcproject.org/canon-text/book/70
P9495C957,Mahāyāna-sūtra-saṃgrahaḥ ( part 1),http://www.dsbcproject.org/canon-text/book/71
PD64F151D,Mahāyāna-sūtra-saṃgrahaḥ ( part 1),http://www.dsbcproject.org/canon-text/book/72
P43822424,Mahāyāna-sūtra-saṃgrahaḥ ( part 1),http://www.dsbcproject.org/canon-text/book/73
P4F9408FE,Mahāyāna-sūtra-saṃgrahaḥ ( part 1),http://www.dsbcproject.org/canon-text/book/74
P313A41B3,Mahāyāna-sūtra-saṃgrahaḥ ( part 1),http://www.dsbcproject.org/canon-text/book/75
PC88C8EEC,Mahāyāna-sūtra-saṃgrahaḥ ( part 1),http://www.dsbcproject.org/canon-text/book/76
PB68756AB,Nyāyapraveśaka Sūtram,http://www.dsbcproject.org/canon-text/book/77
PB436C8C0,Āryamañjuśrīmūlakalpam,http://www.dsbcproject.org/canon-text/book/78
PB51AF9A6,Śrīherukābhidhānaṃ Cakrasaṃvaratantram with the Vivṛti Commentary of Bhavabhaṭṭa [Vol I],http://www.dsbcproject.org/canon-text/book/80
P5B449444,Śrīherukābhidhānaṃ Cakrasaṃvaratantram with the Vivṛti Commentary of Bhavabhaṭṭa [Vol II],http://www.dsbcproject.org/canon-text/book/81
P01DBCE0C,Advayavajrasaṅgrahaḥ,http://www.dsbcproject.org/canon-text/book/82
P2E4EAF20,Sarva Tathāgata Tattva Saṅgraha,http://www.dsbcproject.org/canon-text/book/84
P4017BDA1,Advayasiddhiḥ,http://www.dsbcproject.org/canon-text/book/85
P33932363,Two Buddhist texts in Sanskrit,http://www.dsbcproject.org/canon-text/book/87
PBF9B48A5,Bhikṣuṇī Vinaya,http://www.dsbcproject.org/canon-text/book/88
P66C44766,Bodhisattva-prātimokṣa-sūtram,http://www.dsbcproject.org/canon-text/book/89
PADCF4F6D,Pratimoksa sutra of Mahasanghikas,http://www.dsbcproject.org/canon-text/book/90
P466DD49E,Gilgit Manuscripts,http://www.dsbcproject.org/canon-text/book/91
P44AF562A,Vinaya Sutra,http://www.dsbcproject.org/canon-text/book/93
P1B296122,Abhidharmadipa and its commentary called Vibhasaprabhavrtti,http://www.dsbcproject.org/canon-text/book/95
P046BC64C,Abhidharmakoṣabhāṣyam,http://www.dsbcproject.org/canon-text/book/96
PEA241C92,Abhidharmāmṛta,http://www.dsbcproject.org/canon-text/book/97
PD3F009DD,Abhidharmasamuccaya,http://www.dsbcproject.org/canon-text/book/98
PFB6D94AD,Abhidharmasamuccayabhāṣyam,http://www.dsbcproject.org/canon-text/book/99
PA10ED161,Pratityasamutpada hrdaya and Dharmadhatugarbhavivarana,http://www.dsbcproject.org/canon-text/book/100
P90D2383B,Atisha-virachita Ekadasagrantha,http://www.dsbcproject.org/canon-text/book/101
P80CDD444,Bauddhālaṅkāra-Śāstram,http://www.dsbcproject.org/canon-text/book/103
PF48C8681,Ḍākinījālasaṃvararahasyam,http://www.dsbcproject.org/canon-text/book/104
P655F0010,Dhih Journal,http://www.dsbcproject.org/canon-text/book/105
P49C85826,Chandoratnākaraḥ (svopajña samanvitaḥ),http://www.dsbcproject.org/canon-text/book/108
P3E045FB5,Bauddha Stotra Saṃgraha,http://www.dsbcproject.org/canon-text/book/109
P1745E595,Bauddha Stotra Saṃgraha,http://www.dsbcproject.org/canon-text/book/110
P33B54FF2,Bauddha Stotra Saṃgraha,http://www.dsbcproject.org/canon-text/book/112
PEF90D5CA,Bauddha Stotra Saṃgraha,http://www.dsbcproject.org/canon-text/book/113
P1B957B9E,Bauddha Stotra Saṃgraha,http://www.dsbcproject.org/canon-text/book/114
PD57C715C,Bauddha Stotra Saṃgraha,http://www.dsbcproject.org/canon-text/book/115
P9DD489F2,Bauddha Stotra Saṃgraha,http://www.dsbcproject.org/canon-text/book/116
P2DE1D2CF,Bauddha Stotra Saṃgraha,http://www.dsbcproject.org/canon-text/book/117
P66639EAF,Bauddha Stotra Saṃgraha,http://www.dsbcproject.org/canon-text/book/118
P185FF737,Bauddha Stotra Saṃgraha,http://www.dsbcproject.org/canon-text/book/119
P48A8AF2A,Bauddha Stotra Saṃgraha,http://www.dsbcproject.org/canon-text/book/120
PF00B4057,Bauddha Stotra Saṃgraha,http://www.dsbcproject.org/canon-text/book/121
P24B2B9E2,Bauddha Stotra Saṃgraha,http://www.dsbcproject.org/canon-text/book/122
P9806D17B,Bauddha Stotra Saṃgraha,http://www.dsbcproject.org/canon-text/book/123
PA87EDA48,Bauddha Stotra Saṃgraha,http://www.dsbcproject.org/canon-text/book/124
PF9988A42,Bauddha Stotra Saṃgraha,http://www.dsbcproject.org/canon-text/book/125
PFAD6431D,Bauddha Stotra Saṃgraha,http://www.dsbcproject.org/canon-text/book/126
PD3853117,Bauddha Stotra Saṃgraha,http://www.dsbcproject.org/canon-text/book/127
P544B8A4D,Bauddha Stotra Saṃgraha,http://www.dsbcproject.org/canon-text/book/128
P018637C0,Bauddha Stotra Saṃgraha,http://www.dsbcproject.org/canon-text/book/129
P99909DCD,Bauddha Stotra Saṃgraha,http://www.dsbcproject.org/canon-text/book/130
P5A88169E,Bauddha Stotra Saṃgraha,http://www.dsbcproject.org/canon-text/book/131
PDB53E8BB,Bauddha Stotra Saṃgraha,http://www.dsbcproject.org/canon-text/book/132
P6CDA9446,Bauddha Stotra Saṃgraha,http://www.dsbcproject.org/canon-text/book/133
P665A2041,Bauddha Stotra Saṃgraha,http://www.dsbcproject.org/canon-text/book/134
P8353114C,Bauddha Stotra Saṃgraha,http://www.dsbcproject.org/canon-text/book/135
P3C9BB41E,Bauddha Stotra Saṃgraha,http://www.dsbcproject.org/canon-text/book/136
P177BF032,Bauddha Stotra Saṃgraha,http://www.dsbcproject.org/canon-text/book/137
PA56CECA0,Bauddha Stotra Saṃgraha,http://www.dsbcproject.org/canon-text/book/138
PC330BBB7,Bauddha Stotra Saṃgraha,http://www.dsbcproject.org/canon-text/book/139
PBE1E3145,Bauddha Stotra Saṃgraha,http://www.dsbcproject.org/canon-text/book/140
P7E5C8C58,Bauddha Stotra Saṃgraha,http://www.dsbcproject.org/canon-text/book/141
P27584B63,Bauddha Stotra Saṃgraha,http://www.dsbcproject.org/canon-text/book/142
PB5BF2B4F,Bauddha Stotra Saṃgraha,http://www.dsbcproject.org/canon-text/book/143
P978A26FD,Bauddha Stotra Saṃgraha,http://www.dsbcproject.org/canon-text/book/144
PD4D5BEED,Bauddha Stotra Saṃgraha,http://www.dsbcproject.org/canon-text/book/145
P9EE98795,Bauddha Stotra Saṃgraha,http://www.dsbcproject.org/canon-text/book/147
P78064D54,Bauddha Stotra Saṃgraha,http://www.dsbcproject.org/canon-text/book/148
P888FF653,Bauddha Stotra Saṃgraha,http://www.dsbcproject.org/canon-text/book/149
PA4E64485,Bauddha Stotra Saṃgraha,http://www.dsbcproject.org/canon-text/book/150
PE64619AA,Bauddha Stotra Saṃgraha,http://www.dsbcproject.org/canon-text/book/151
P624FCD40,Bauddha Stotra Saṃgraha,http://www.dsbcproject.org/canon-text/book/152
P4ECA41D8,Bauddha Stotra Saṃgraha,http://www.dsbcproject.org/canon-text/book/153
PA43F7113,Bauddha Stotra Saṃgraha,http://www.dsbcproject.org/canon-text/book/154
PEF5454B3,Bauddha Stotra Saṃgraha,http://www.dsbcproject.org/canon-text/book/155
P2B819764,Bauddha Stotra Saṃgraha,http://www.dsbcproject.org/canon-text/book/156
PB3AAA8F2,Bauddha Stotra Saṃgraha,http://www.dsbcproject.org/canon-text/book/157
P131911F1,Bauddha Stotra Saṃgraha,http://www.dsbcproject.org/canon-text/book/158
PAE4D8494,Bauddha Stotra Saṃgraha,http://www.dsbcproject.org/canon-text/book/159
PB111A053,Bauddha Stotra Saṃgraha,http://www.dsbcproject.org/canon-text/book/160
PEE92D912,Bauddha Stotra Saṃgraha,http://www.dsbcproject.org/canon-text/book/161
P40BF18B4,Bauddha Stotra Saṃgraha,http://www.dsbcproject.org/canon-text/book/162
P06FB0EE3,Bauddha Stotra Saṃgraha,http://www.dsbcproject.org/canon-text/book/163
P0C76F453,Bauddha Stotra Saṃgraha,http://www.dsbcproject.org/canon-text/book/164
P601607C1,Bauddha Stotra Saṃgraha,http://www.dsbcproject.org/canon-text/book/165
P069617DD,Bauddha Stotra Saṃgraha,http://www.dsbcproject.org/canon-text/book/166
PB44EE59C,Bauddha Stotra Saṃgraha,http://www.dsbcproject.org/canon-text/book/167
P93533EDF,Bauddha Stotra Saṃgraha,http://www.dsbcproject.org/canon-text/book/168
PD5CC0CEE,Bauddha Stotra Saṃgraha,http://www.dsbcproject.org/canon-text/book/169
P70394533,Bauddha Stotra Saṃgraha,http://www.dsbcproject.org/canon-text/book/170
P0D7F4394,Bauddha Stotra Saṃgraha,http://www.dsbcproject.org/canon-text/book/171
P43443AA7,Bauddha Stotra Saṃgraha,http://www.dsbcproject.org/canon-text/book/172
PB7EBD2BC,Bauddha Stotra Saṃgraha,http://www.dsbcproject.org/canon-text/book/173
PF1983FD9,Bauddha Stotra Saṃgraha,http://www.dsbcproject.org/canon-text/book/174
PF64EB86F,Bauddha Stotra Saṃgraha,http://www.dsbcproject.org/canon-text/book/175
PAD514ADE,Bauddha Stotra Saṃgraha,http://www.dsbcproject.org/canon-text/book/177
PE609F0FE,Bauddha Stotra Saṃgraha,http://www.dsbcproject.org/canon-text/book/179
P2083E31E,Bauddha Stotra Saṃgraha,http://www.dsbcproject.org/canon-text/book/180
P5A484CE3,Bauddha Stotra Saṃgraha,http://www.dsbcproject.org/canon-text/book/181
P2F44EEF2,Bauddha Stotra Saṃgraha,http://www.dsbcproject.org/canon-text/book/182
PC9F92CF5,Bauddha Stotra Saṃgraha,http://www.dsbcproject.org/canon-text/book/183
P83B64254,Bauddha Stotra Saṃgraha,http://www.dsbcproject.org/canon-text/book/184
P9A484652,Bauddha Stotra Saṃgraha,http://www.dsbcproject.org/canon-text/book/185
P47BF9797,Bauddha Stotra Saṃgraha,http://www.dsbcproject.org/canon-text/book/186
PAC8B9008,Bauddha Stotra Saṃgraha,http://www.dsbcproject.org/canon-text/book/187
PB44D1DA1,Bauddha Stotra Saṃgraha,http://www.dsbcproject.org/canon-text/book/188
P6352295A,Bauddha Stotra Saṃgraha,http://www.dsbcproject.org/canon-text/book/189
P80040509,Bauddha Stotra Saṃgraha,http://www.dsbcproject.org/canon-text/book/190
P5B59B54A,Bauddha Stotra Saṃgraha,http://www.dsbcproject.org/canon-text/book/191
PDC5A256D,Bauddha Stotra Saṃgraha,http://www.dsbcproject.org/canon-text/book/192
P4D6F24E3,Bauddha Stotra Saṃgraha,http://www.dsbcproject.org/canon-text/book/193
P1A3DB710,Bauddha Stotra Saṃgraha,http://www.dsbcproject.org/canon-text/book/194
P23CA639D,Bauddha Stotra Saṃgraha,http://www.dsbcproject.org/canon-text/book/195
P25EFFA02,Bauddha Stotra Saṃgraha,http://www.dsbcproject.org/canon-text/book/196
PC8187BF4,Bauddha Stotra Saṃgraha,http://www.dsbcproject.org/canon-text/book/197
P3544D494,Bauddha Stotra Saṃgraha,http://www.dsbcproject.org/canon-text/book/198
P7A4A6FC0,Bauddha Stotra Saṃgraha,http://www.dsbcproject.org/canon-text/book/199
P4F817591,Bauddha Stotra Saṃgraha,http://www.dsbcproject.org/canon-text/book/200
P2EB6F83F,Bauddha Stotra Saṃgraha,http://www.dsbcproject.org/canon-text/book/201
P12A913A7,Bauddha Stotra Saṃgraha,http://www.dsbcproject.org/canon-text/book/202
P09079547,Bauddha Stotra Saṃgraha,http://www.dsbcproject.org/canon-text/book/203
P322D2127,Bauddha Stotra Saṃgraha,http://www.dsbcproject.org/canon-text/book/204
P52CA7808,Bauddha Stotra Saṃgraha,http://www.dsbcproject.org/canon-text/book/205
PBB08FC1B,Bauddha Stotra Saṃgraha,http://www.dsbcproject.org/canon-text/book/206
P599525B0,Bauddha Stotra Saṃgraha,http://www.dsbcproject.org/canon-text/book/207
P8029649E,Bauddha Stotra Saṃgraha,http://www.dsbcproject.org/canon-text/book/208
PBE6B4545,Bauddha Stotra Saṃgraha,http://www.dsbcproject.org/canon-text/book/209
PB5EE22C0,Bauddha Stotra Saṃgraha,http://www.dsbcproject.org/canon-text/book/210
P62C5C44A,Bauddha Stotra Saṃgraha,http://www.dsbcproject.org/canon-text/book/211
P333EE6AA,Bauddha Stotra Saṃgraha,http://www.dsbcproject.org/canon-text/book/212
PE63E7669,Bauddha Stotra Saṃgraha,http://www.dsbcproject.org/canon-text/book/213
P59B63B7F,Bauddha Stotra Saṃgraha,http://www.dsbcproject.org/canon-text/book/214
PE1CC7030,Bauddha Stotra Saṃgraha,http://www.dsbcproject.org/canon-text/book/216
P4F212C76,Bauddha Stotra Saṃgraha,http://www.dsbcproject.org/canon-text/book/217
P7FB88E57,Bauddha Stotra Saṃgraha,http://www.dsbcproject.org/canon-text/book/218
PFAAACD6E,Atisha-virachita Ekadasagrantha,http://www.dsbcproject.org/canon-text/book/220
PDF994FFF,Bauddhalaghugrangtha-sangraha,http://www.dsbcproject.org/canon-text/book/221
PA3960B88,Buddhacarita,http://www.dsbcproject.org/canon-text/book/222
P9B24E4DE,Saundaranandam Mahākāvyam,http://www.dsbcproject.org/canon-text/book/224
PC1821405,Yaśodharā Caritam,http://www.dsbcproject.org/canon-text/book/227
P27219E1F,Bauddha Tantra Kośa (Part I),http://www.dsbcproject.org/canon-text/book/229
PACCFC1EF,Mahāyāna-sūtra-saṃgrahaḥ ( part 1),http://www.dsbcproject.org/canon-text/book/230
PB3B7AC47,Dharmasamuccaya,http://www.dsbcproject.org/canon-text/book/231
P4C667BBD,Bibliotheca Buddhica (Mahāvyutpatti),http://www.dsbcproject.org/canon-text/book/232
P06445FF2,Madhyamakaśāstra of Nāgārjuna,http://www.dsbcproject.org/canon-text/book/233
PD0BD00DE,Śiṣyalekha,http://www.dsbcproject.org/canon-text/book/234
P24F3723F,Suhṛllekhaḥ,http://www.dsbcproject.org/canon-text/book/235
PA528F34B,Catuhsataka,http://www.dsbcproject.org/canon-text/book/237
P436F734E,Hastabalapranavrtti,http://www.dsbcproject.org/canon-text/book/238
PAE4EE59E,Madhyamakahṛdayaḥ,http://www.dsbcproject.org/canon-text/book/240
P9C2664C4,Madhyamakālokaḥ,http://www.dsbcproject.org/canon-text/book/241
P2E32E332,Madhyamakaśāstra of Nāgārjuna,http://www.dsbcproject.org/canon-text/book/242
P78188E74,Madhyamakavataraḥ,http://www.dsbcproject.org/canon-text/book/243
PDB5C4CC1,Mahāyānaviṁśikā,http://www.dsbcproject.org/canon-text/book/245
P0B31B28B,Madhyamakaśāstravṛtti,http://www.dsbcproject.org/canon-text/book/247
P1CCBD622,Pratityasamutpadahrdaya and aryadharmadhatugarbhavivarana,http://www.dsbcproject.org/canon-text/book/248
PC216F458,Pratityasamutpadahrdaya and aryadharmadhatugarbhavivarana,http://www.dsbcproject.org/canon-text/book/249
PC7061990,Atisha-virachita Ekadasagrantha,http://www.dsbcproject.org/canon-text/book/250
P9010C003,Satyadvayavataradigrantha catustayam,http://www.dsbcproject.org/canon-text/book/251
PB123F42A,Śūnyatāsaptatiḥ,http://www.dsbcproject.org/canon-text/book/252
PDD469540,Atisha-virachita Ekadasagrantha,http://www.dsbcproject.org/canon-text/book/253
P4464A6F8,Madhyamakaśāstra of Nāgārjuna,http://www.dsbcproject.org/canon-text/book/254
P0653D4E8,The Tibet Journal (Yuktiṣaṣṭika Kārikā),http://www.dsbcproject.org/canon-text/book/255
PDF53D527,Atishavirachita Ekadasa grantha,http://www.dsbcproject.org/canon-text/book/256
P6E62AD11,Bhavanakramaḥ,http://www.dsbcproject.org/canon-text/book/257
P414BEB44,Bodhicaryāvatāra of Śāntideva with the Commentary Panjika of Prajnakaramati,http://www.dsbcproject.org/canon-text/book/258
P0066CC81,Bodhicaryāvatāra of Śāntideva with the Commentary Panjika of Prajnakaramati,http://www.dsbcproject.org/canon-text/book/259
P22BCE688,Bodhipathpradipa of Atisha,http://www.dsbcproject.org/canon-text/book/260
P4486C68C,Atisha-virachita Ekadasagrantha,http://www.dsbcproject.org/canon-text/book/261
PB519CD94,Minor Buddhist Texts,http://www.dsbcproject.org/canon-text/book/263
P3A11A079,Atisha-virachita Ekadasagrantha,http://www.dsbcproject.org/canon-text/book/264
PBBB7BE8B,Atishavirachita Ekadasa grantha,http://www.dsbcproject.org/canon-text/book/265
P54FAABA7,Atisha-virachita Ekadasagrantha,http://www.dsbcproject.org/canon-text/book/266
P498A589A,Atisha-virachita Ekadasagrantha,http://www.dsbcproject.org/canon-text/book/267
P6C5E0731,Śikṣāsamuccayaḥ,http://www.dsbcproject.org/canon-text/book/268
P772BE886,Śikṣāsamuccayaḥ,http://www.dsbcproject.org/canon-text/book/269
P6E3EEE43,Nāgānanda Nāṭaka,http://www.dsbcproject.org/canon-text/book/271
P2A648498,Śatagāthā,http://www.dsbcproject.org/canon-text/book/275
PC922EF6A,Abhisamayālaṇkāraloka,http://www.dsbcproject.org/canon-text/book/276
P4FFB3922,Abhisamayalankarantah patinam,http://www.dsbcproject.org/canon-text/book/277
PDB6DBDBB,Abhisamayālaṅkāravṛttiḥ sphuṭārthā,http://www.dsbcproject.org/canon-text/book/278
P09F660F4,Āryaprajñāpāramitāvajracchedikāṭīkā,http://www.dsbcproject.org/canon-text/book/279
PBF7B78C7,Pāramitāsamāsaḥ,http://www.dsbcproject.org/canon-text/book/280
P7725102B,Saratama: A Panjika on the Astasahasrika Prajnaparamita sutra,http://www.dsbcproject.org/canon-text/book/281
PDB7C21C7,Vādanyāyaṭīkā,http://www.dsbcproject.org/canon-text/book/282
P02C90073,Ālambanaparīkṣā,http://www.dsbcproject.org/canon-text/book/283
P6706F664,Ālambanaparīkṣāvṛttiḥ,http://www.dsbcproject.org/canon-text/book/284
P6CD3C484,Antarvyāpti,http://www.dsbcproject.org/canon-text/book/741
P9D034ADB,Six Buddhist Nyaya tracts in Sanskrit,http://www.dsbcproject.org/canon-text/book/286
PD87EB27B,Hetubindu of Dharmakirti,http://www.dsbcproject.org/canon-text/book/288
P49737977,Hetubinduṭīkā,http://www.dsbcproject.org/canon-text/book/289
P5459BBE1,Hetutattvopadeśaḥ,http://www.dsbcproject.org/canon-text/book/290
PA88CBBEA,Six Buddhist Nyaya tracts in Sanskrit,http://www.dsbcproject.org/canon-text/book/292
PB4FBD6C9,Nyāyabindu Prakaraṇam-kārikā,http://www.dsbcproject.org/canon-text/book/293
PE645854C,,http://www.dsbcproject.org/canon-text/book/294
P029F7DFF,Nyāyabinduṭīkāṭippaṇī,http://www.dsbcproject.org/canon-text/book/296
P58116414,Nyāyapraveśapravṛtti,http://www.dsbcproject.org/canon-text/book/297
P18524656,Pramāṇavārtikam,http://www.dsbcproject.org/canon-text/book/298
P99692CEC,Ratnakīrti Nibandhāvalī,http://www.dsbcproject.org/canon-text/book/300
PC029348E,Six Buddhist Nyaya tracts in Sanskrit,http://www.dsbcproject.org/canon-text/book/301
P7170188A,Sambandhaparīkṣā of Dharmakirti,http://www.dsbcproject.org/canon-text/book/302
P6B2D23FA,Santānāntarasiddhi kārikā ṭīkā,http://www.dsbcproject.org/canon-text/book/303
PE57C5CC9,Santānāntarasiddhi kārikā ṭīkā,http://www.dsbcproject.org/canon-text/book/304
P00AD0826,Pre-Dinnaga Budhist texts on Logic,http://www.dsbcproject.org/canon-text/book/305
P0CE28C52,Udayananirākaraṇam of Rantnakirti,http://www.dsbcproject.org/canon-text/book/306
P84D363D6,Pre-Dinnaga Budhist texts on Logic,http://www.dsbcproject.org/canon-text/book/307
P946F5AA5,Vādanyāya of Dharmakirti,http://www.dsbcproject.org/canon-text/book/308
P7B654E34,Vajrasūcī,http://www.dsbcproject.org/canon-text/book/310
P78497257,Satyasiddhi Śastra,http://www.dsbcproject.org/canon-text/book/311
P499E311E,Ātreyatilaka,http://www.dsbcproject.org/canon-text/book/312
PF7FB411F,Citralakṣaṇam: an old text of Indian Art,http://www.dsbcproject.org/canon-text/book/314
P0E3FE520,Bauddhalaghugrangtha-sangraha,http://www.dsbcproject.org/canon-text/book/315
PFFF99FE5,Pratimālakṣaṇavivaraṇam,http://www.dsbcproject.org/canon-text/book/316
PEF2AD849,Dhih Journal,http://www.dsbcproject.org/canon-text/book/317
PA1E6F05D,Āryaśālistambakakārikā,http://www.dsbcproject.org/canon-text/book/320
PF3E6088F,Āryaśālistamba sutra kātikā,http://www.dsbcproject.org/canon-text/book/321
P1606DC3D,Tarkabhāṣā.,http://www.dsbcproject.org/canon-text/book/322
PDC5A0726,Śrīmokṣākaraguptaviracitā tarkabhāṣāṭīkā,http://www.dsbcproject.org/canon-text/book/323
P85C25636,Bāhyarthasiddhikārikānāma,http://www.dsbcproject.org/canon-text/book/324
P9DD40C9C,Bhavasaṅkrāntiparikathā,http://www.dsbcproject.org/canon-text/book/325
PFBFA78E3,Bhavasaṅkrānti Śāstra,http://www.dsbcproject.org/canon-text/book/326
PE41D86C6,Bodhicittotpāda Sūtra śāstra,http://www.dsbcproject.org/canon-text/book/327
PDE330C35,Bodhisattvabhūmiḥ,http://www.dsbcproject.org/canon-text/book/328
PA8A7DE7A,Mahāyāna-sūtra-saṃgrahaḥ ( part 1),http://www.dsbcproject.org/canon-text/book/330
PE55079DD,Madhyanatavibhagashastram,http://www.dsbcproject.org/canon-text/book/331
PADF677B3,Mahayana sutralankara of Asanga with its Svavrtti,http://www.dsbcproject.org/canon-text/book/332
PA55D5512,Mahāyānasutrālaṅkāra,http://www.dsbcproject.org/canon-text/book/333
P9A9BFA68,Pañcaskandhaprakaraṇam,http://www.dsbcproject.org/canon-text/book/334
P393C8F06,Ratnagotravibhāgo mahāyānottaratantraśāstram,http://www.dsbcproject.org/canon-text/book/335
P5F7784F7,Śrāvakabhūmiḥ of Acarya Asanga,http://www.dsbcproject.org/canon-text/book/336
PBD202F4D,Seven Works of Vasubandhu,http://www.dsbcproject.org/canon-text/book/337
P35A783A4,Trisvabhāvanirdeśaḥ,http://www.dsbcproject.org/canon-text/book/338
P946E4CC8,Vijnaptimatrasiddhi-prakaranam-dvayam,http://www.dsbcproject.org/canon-text/book/339
P046A0535,Vijnaptimatratasiddhi prakarana dvayam,http://www.dsbcproject.org/canon-text/book/340
PF9307F98,Kāṇhapādasya dohākoṣaḥ,http://www.dsbcproject.org/canon-text/book/344
PEAEA1373,Mahāmāyātantram with Guṇāvatī,http://www.dsbcproject.org/canon-text/book/347
P54856EDB,Marmakālikā,http://www.dsbcproject.org/canon-text/book/348
P0AD0B42F,Dhih Journal,http://www.dsbcproject.org/canon-text/book/349
P4DDA9859,Sarahapādasya dohākoṣaḥ,http://www.dsbcproject.org/canon-text/book/350
PF011F48D,Caryāgitikoṣaḥ upodghātaḥ,http://www.dsbcproject.org/canon-text/book/353
P508E53E5,Cittavisuddhiprakarna of Aryadeva,http://www.dsbcproject.org/canon-text/book/354
P471849F4,Piṇḍīkramaḥ Pañcakrama,http://www.dsbcproject.org/canon-text/book/355
P4A366CDD,Piṇḍīkramaḥ Pañcakrama,http://www.dsbcproject.org/canon-text/book/356
PF9D94CA8,Tattvaratnāvalokaḥ,http://www.dsbcproject.org/canon-text/book/358
PB79A9191,Tattvasiddhiḥ,http://www.dsbcproject.org/canon-text/book/359
PE5149640,,http://www.dsbcproject.org/canon-text/book/371
PDF28083A,,http://www.dsbcproject.org/canon-text/book/372
P9B5E37C4,,http://www.dsbcproject.org/canon-text/book/470
P626AF4A6,,http://www.dsbcproject.org/canon-text/book/480
P01011D30,,http://www.dsbcproject.org/canon-text/book/518
PA6676F62,Bodhicaryāvatāra of Śāntideva with the Commentary Panjika of Prajnakaramati,http://www.dsbcproject.org/canon-text/book/552
PFBCCE3DE,,http://www.dsbcproject.org/canon-text/book/586
P4AE4A484,,http://www.dsbcproject.org/canon-text/book/590
PDF54E249,-,http://www.dsbcproject.org/canon-text/book/719
PDCEE288D,-,http://www.dsbcproject.org/canon-text/book/720
P3E707F99,-,http://www.dsbcproject.org/canon-text/book/721
P54C20C5E,-,http://www.dsbcproject.org/canon-text/book/722
P6367F370,Śrīguhyasamājatantram,http://www.dsbcproject.org/canon-text/book/723
P29D8E3BB,The Gilgit Manuscript of the Sayanasanavastu and the Adhikaranavastu,http://www.dsbcproject.org/canon-text/book/724
P52D417C7,The Gilgit Manuscript of the Sayanasanavastu and the Adhikaranavastu,http://www.dsbcproject.org/canon-text/book/725
P3D84FAAC,The Gilgit Manuscript of the Sayanasanavastu and the Adhikaranavastu,http://www.dsbcproject.org/canon-text/book/726
PA0DB1B77,The Gilgit Manuscript of the Sayanasanavastu and the Adhikaranavastu,http://www.dsbcproject.org/canon-text/book/727
P48836D23,Essays on the History of Buddhism,http://www.dsbcproject.org/canon-text/book/728
PC2B1A4D2,Essays on the History of Buddhism,http://www.dsbcproject.org/canon-text/book/729
PCC9BCCA4,The Sarvadurgatipariśodhana tantra : elimination of all evil destinies : Sanskrit and Tibetan texts,http://www.dsbcproject.org/canon-text/book/730
P599CC5E1,Jñānaśrimitra’s Anupalabdhirahasya and Sarvaśabdābhāvacarcā,http://www.dsbcproject.org/canon-text/book/731
PFF8C7BE6,Jñānaśrimitra’s Anupalabdhirahasya and Sarvaśabdābhāvacarcā,http://www.dsbcproject.org/canon-text/book/732
P48254083,Jñānaśrimitra’s Anupalabdhirahasya and Sarvaśabdābhāvacarcā,http://www.dsbcproject.org/canon-text/book/733
P4BD8ADCB,Jñānaśrimitra’s Anupalabdhirahasya and Sarvaśabdābhāvacarcā,http://www.dsbcproject.org/canon-text/book/734
PA5BDA4CE,Dhīh Journal,http://www.dsbcproject.org/canon-text/book/735
P78597666,Dhīh Journal,http://www.dsbcproject.org/canon-text/book/736
P23D2E732,DhīhJournal,http://www.dsbcproject.org/canon-text/book/737
PDCF68FA8,Dhīh Journal,http://www.dsbcproject.org/canon-text/book/738
P5C4B2B54,Dhīh Journal,http://www.dsbcproject.org/canon-text/book/739
P572281BB,Dhīh Journal,http://www.dsbcproject.org/canon-text/book/740
PF7181558,Antarvyāptisamarthanam,http://www.dsbcproject.org/canon-text/book/742
P4F57CD1E,Dhīh Journal,http://www.dsbcproject.org/canon-text/book/743
PC2BD44F9,Dhīh Journal,http://www.dsbcproject.org/canon-text/book/744
P9840D8D8,Dhīh Journal,http://www.dsbcproject.org/canon-text/book/745
P828DE96D,Dhīh Journal,http://www.dsbcproject.org/canon-text/book/746
P646E08BB,Śikhisamuccayaḥ,http://www.dsbcproject.org/canon-text/book/747
P9990394E,Śikhisamuccayaḥ,http://www.dsbcproject.org/canon-text/book/748
PB52CB2CB,Dhīh Journal,http://www.dsbcproject.org/canon-text/book/749
P34DB0416,Dhīh Journal,http://www.dsbcproject.org/canon-text/book/750
P8C759FF6,Smāhitā Bhūmiḥ,http://www.dsbcproject.org/canon-text/book/751
P1C0CDC98,Smāhitā Bhūmiḥ,http://www.dsbcproject.org/canon-text/book/752
P2278AE7F,The Sarvadurgatipariśodhana tantra : elimination of all evil destinies : Sanskrit and Tibetan texts,http://www.dsbcproject.org/canon-text/book/753
PCEEAF7D5,Pañcaśatikā prajñāpāramitā,http://www.dsbcproject.org/canon-text/book/754
P9F0AAF24,Pañcaśatikā prajñāpāramitā,http://www.dsbcproject.org/canon-text/book/755
PD70799DF,समन्तभद्र नाम साधन टीका,http://www.dsbcproject.org/canon-text/book/757
P5E50C090,Samājasādhanavyavastholi,http://www.dsbcproject.org/canon-text/book/758
P8BC71691,समाजसाधनव्यवस्थोलि,http://www.dsbcproject.org/canon-text/book/759
PACC5C0AE,Dhih Journal Vol 57,http://www.dsbcproject.org/canon-text/book/760
PB683998F,द्वादशकारनयस्तोत्रम्,http://www.dsbcproject.org/canon-text/book/761
P4214711B,The Caṇḍamahāroṣaṇa tantra: Chapters I-VIII,http://www.dsbcproject.org/canon-text/book/762
P2C6C60E2,The Caṇḍamahāroṣaṇa tantra: Chapters I-VIII,http://www.dsbcproject.org/canon-text/book/763
P54E04B19,Pārājikā (Texts from Nepal),http://www.dsbcproject.org/canon-text/book/764
P8E0CC4AD,Pārājikā (Texts from Nepal),http://www.dsbcproject.org/canon-text/book/765
P747F20FD,Pārājikā (Texts from Nepal),http://www.dsbcproject.org/canon-text/book/766
P04938C38,Pārājikā (Texts from Nepal),http://www.dsbcproject.org/canon-text/book/767
P66117260,Pārājikā (Texts from Nepal),http://www.dsbcproject.org/canon-text/book/768
P20EBE0E3,Pārājikā (Texts from Nepal),http://www.dsbcproject.org/canon-text/book/769
P23336A07,Sanskrit Manuscripts in China,http://www.dsbcproject.org/canon-text/book/770
PCA14CD9F,Sanskrit Manuscripts in China,http://www.dsbcproject.org/canon-text/book/771
P94B6BE96,Pārājikā (Texts from Nepal),http://www.dsbcproject.org/canon-text/book/772
P15E29212,Pārājikā (Texts from Nepal),http://www.dsbcproject.org/canon-text/book/773
P5FCE6EE1,Daṇḍikathā,http://www.dsbcproject.org/canon-text/book/774
PA5C7A8E2,Daṇḍikathā,http://www.dsbcproject.org/canon-text/book/775
P6C779CF6,Pārājikā (Texts from Nepal),http://www.dsbcproject.org/canon-text/book/776
PD039A665,Pārājikā (Texts from Nepal),http://www.dsbcproject.org/canon-text/book/777
P6B4C62AD,Mantroddhāra,http://www.dsbcproject.org/canon-text/book/778
P8F410404,Mantroddhāra,http://www.dsbcproject.org/canon-text/book/779
P45074C92,Balimālikā,http://www.dsbcproject.org/canon-text/book/780
PE3FBEFEF,Balimālikā,http://www.dsbcproject.org/canon-text/book/781
PBB70028E,Ādikarmapradīpa Bodhicaryāvatāraṭīkā,http://www.dsbcproject.org/canon-text/book/782
PABFB6474,Ādikarmapradīpa Bodhicaryāvatāraṭīkā,http://www.dsbcproject.org/canon-text/book/783
P4799896E,Prajñopāyaviniścayasiddhiḥ,http://www.dsbcproject.org/canon-text/book/784
P7877A255,Prajñopāyaviniścayasiddhiḥ,http://www.dsbcproject.org/canon-text/book/785
PED1012D4,Śrīsahajasiddhi,http://www.dsbcproject.org/canon-text/book/786
P44CD748F,Śrīsahajasiddhi,http://www.dsbcproject.org/canon-text/book/787
PFADDF0DE,-,http://www.dsbcproject.org/canon-text/book/788
P920D209A,-,http://www.dsbcproject.org/canon-text/book/789
P7AA4A353,Tattvaratnāvalī,http://www.dsbcproject.org/canon-text/book/790
PBE4494F3,Tattvaratnāvalī,http://www.dsbcproject.org/canon-text/book/791
PB0DC5D35,Amoghapāśakalparāja Part VI,http://www.dsbcproject.org/canon-text/book/792
P4AA5D000,Amoghapāśakalparāja Part VI,http://www.dsbcproject.org/canon-text/book/793
P7D846399,Amoghapāśakalparāja Part VII,http://www.dsbcproject.org/canon-text/book/794
P17B04DB7,Amoghapāśakalparāja Part VII,http://www.dsbcproject.org/canon-text/book/795
P6C0EBE08,Dharmadhātustava,http://www.dsbcproject.org/canon-text/book/796
PBEC98756,The Buddhakapālatantra Chapters 9 to 14,http://www.dsbcproject.org/canon-text/book/797
P564BEFB5,Dharmadhātustava,http://www.dsbcproject.org/canon-text/book/798
PFD96B95C,-,http://www.dsbcproject.org/canon-text/book/799
PC0CA210A,Tattvajñānasaṁsiddhiṭīkā,http://www.dsbcproject.org/canon-text/book/800
P4BD475FE,The Buddhakapālatantra Chapters 9 to 14,http://www.dsbcproject.org/canon-text/book/801
P4B2EABEE,Adhyātmasāraśatakam(saṭīkam),http://www.dsbcproject.org/canon-text/book/803
P70FCD378,Adhyātmasāraśatakam(saṭīkam),http://www.dsbcproject.org/canon-text/book/804
PE4D2F309,Abhayapaddhati,http://www.dsbcproject.org/canon-text/book/805
PBD67401D,Abhayapaddhati,http://www.dsbcproject.org/canon-text/book/806
PE542AF4D,Śabdabhedaprakāśaḥ,http://www.dsbcproject.org/canon-text/book/807
PD4DACE6C,Śabdabhedaprakāśaḥ,http://www.dsbcproject.org/canon-text/book/808
PC91CA882,Ḍākārṇavaḥ,http://www.dsbcproject.org/canon-text/book/809
PD2162A31,Ḍākārṇavaḥ,http://www.dsbcproject.org/canon-text/book/810
P33C8019F,Triratnasaundaryagāthā,http://www.dsbcproject.org/canon-text/book/811
P60558678,Triratnasaundaryagāthā,http://www.dsbcproject.org/canon-text/book/812
P35835FF2,Saddharmasmṛtyupasthānasūtra,http://www.dsbcproject.org/canon-text/book/813
PB84B8BCF,Saddharmasmṛtyupasthānasūtram,http://www.dsbcproject.org/canon-text/book/814
P648BFB4E,Viśvaprakāśaḥ,http://www.dsbcproject.org/canon-text/book/815
P7F657FA1,Viśvaprakāśaḥ,http://www.dsbcproject.org/canon-text/book/816
PECCCC4BA,Paribhāṣāvṛtteh,http://www.dsbcproject.org/canon-text/book/817
PD2856120,Vajrasattvaniṣpādana Sūtra,http://www.dsbcproject.org/canon-text/book/818
P142F85BA,Paribhāṣāvṛtteh,http://www.dsbcproject.org/canon-text/book/819
P4A08ACAF,Dhāraṇī Saṃgraha,http://www.dsbcproject.org/canon-text/book/820
PFCED252A,Vajrasattvaniṣpādana Sūtra,http://www.dsbcproject.org/canon-text/book/821
PD4513D5D,Bauddhadharme tathā purāṇeṣu karuṇā,http://www.dsbcproject.org/canon-text/book/823
P0EA595AF,Dhāraṇī Saṃgraha,http://www.dsbcproject.org/canon-text/book/824
P824E4280,Upasampadā jñaptiḥ,http://www.dsbcproject.org/canon-text/book/825
PE9E89C89,Kriyāsaṁgrahapañjikā,http://www.dsbcproject.org/canon-text/book/828
PE4758287,Kriyāsaṁgrahapañjikā,http://www.dsbcproject.org/canon-text/book/829
PC822182E,Vṛttamālāstuti of Jñānaśrīmitra with Śākyarakṣita’s Vṛttamālā(stuti)vivṛti,http://www.dsbcproject.org/canon-text/book/830
PCEEE0E4E,Vṛttamālāstuti of Jñānaśrīmitra with Śākyarakṣita’s Vṛttamālā(stuti)vivṛti,http://www.dsbcproject.org/canon-text/book/831
PEA552C83,Vajrayāna darśana mīmāṁsā,http://www.dsbcproject.org/canon-text/book/832
P16B42BAC,वज्रयान दर्शन मीमांसा,http://www.dsbcproject.org/canon-text/book/833
PCF107B88,Tattvajñānasaṁsiddhi-mahāsukharakāśikā-ṭīkā,http://www.dsbcproject.org/canon-text/book/834
P38AB5775,तत्त्वज्ञानसंसिद्धि-महासुखरकाशिका-टीका,http://www.dsbcproject.org/canon-text/book/835
P0C464944,Āryamāyājālamahātantroddhṛtamaṇdalagāthāṭippaṇī,http://www.dsbcproject.org/canon-text/book/836
P303FF3DF,Āryamāyājālamahātantroddhṛtamaṇdalagāthāṭippaṇī,http://www.dsbcproject.org/canon-text/book/837
PAECAFAEB,Kālacakrāvatāraḥ,http://www.dsbcproject.org/canon-text/book/838
PF7071344,कालचक्रावतारः,http://www.dsbcproject.org/canon-text/book/839
P356459F6,Śrīguhyasamājatantram,http://www.dsbcproject.org/canon-text/book/840
PB6CE4460,Bhadracaryādeśanā,http://www.dsbcproject.org/canon-text/book/842
P08B35124,Bhadracaryādeśanā,http://www.dsbcproject.org/canon-text/book/843
P34A4B1D1,Adhyardhaśatikā prajñāpāramitā,http://www.dsbcproject.org/canon-text/book/845
P573A1719,Munimatālaṁkāra,http://www.dsbcproject.org/canon-text/book/846
PE4382737,Munimatālaṁkāra,http://www.dsbcproject.org/canon-text/book/847
P63091D94,Saṅgītamālikā,http://www.dsbcproject.org/canon-text/book/848
P49B48889,Saṅgītamālikā,http://www.dsbcproject.org/canon-text/book/849
P51539269,Aririab,http://www.dsbcproject.org/canon-text/book/850
P4CCCCB2A,Aririab,http://www.dsbcproject.org/canon-text/book/851
P4085FE01,Journal of Indian Philosophy (Madhyamakāvatāra-kārikā Chapter 6),http://www.dsbcproject.org/canon-text/book/852
P7DB27B29,-,http://www.dsbcproject.org/canon-text/book/853
P1545B659,Mañjuvajramukhyākhyāna,http://www.dsbcproject.org/canon-text/book/854
P949AF17B,Mañjuvajramukhyākhyāna,http://www.dsbcproject.org/canon-text/book/855
P44C7028A,Caryāsaṃgrahaḥ,http://www.dsbcproject.org/canon-text/book/856
P8CF98C65,South Asian classical studies No. 13 (Ṣaḍgatikārikāḥ),http://www.dsbcproject.org/canon-text/book/858
P2540A219,South Asian classical studies No. 13 (Ṣaḍgatikārikāḥ),http://www.dsbcproject.org/canon-text/book/859
P235363F4,Two Vajrayāna Works,http://www.dsbcproject.org/canon-text/book/860
P006821F7,ज्ञानसिद्धिः,http://www.dsbcproject.org/canon-text/book/861
PCDEFEDFB,Āryaśrīgrahamātṛkā nāma dhāraṇī,http://www.dsbcproject.org/canon-text/book/862
PE5FCCD8C,आर्यश्री ग्रहमातृका नाम धारणी,http://www.dsbcproject.org/canon-text/book/863
P6E8AAC98,Viśālāmalavatī Pramāṇasamuccayaṭīkā,http://www.dsbcproject.org/canon-text/book/864
P44E58B5B,विशालामलवती प्रमाणसमुच्चयटीका,http://www.dsbcproject.org/canon-text/book/865
PF033A063,The Laghutantraṭīkā by Vajrapāṇi,http://www.dsbcproject.org/canon-text/book/866
P0DD06AFA,Mahāyānasaṃgraha,http://www.dsbcproject.org/canon-text/book/867
PC1884667,महायानसंग्रह,http://www.dsbcproject.org/canon-text/book/868
P47223F7F,Sphuṭārthā Abhidharmakośa Vyākhyā (Vol 1),http://www.dsbcproject.org/canon-text/book/869
P4F1B5901,Sphuṭārthā Abhidharmakośa Vyākhyā (Vol 1),http://www.dsbcproject.org/canon-text/book/870
P2B1B4ABF,The Laghutantraṭīkā by Vajrapāṇi,http://www.dsbcproject.org/canon-text/book/871
P5B6DDC1F,Sphuṭārthā Abhidharmakośa Vyākhyā (Vol 2),http://www.dsbcproject.org/canon-text/book/872
PB409C3B2,Sarvabuddhaviṣayāvatārajñānālokālaṁkāra nāma mahāyānasūtra,http://www.dsbcproject.org/canon-text/book/873
P1C879AE4,Buddhist Studies Review,http://www.dsbcproject.org/canon-text/book/874
P6A52575C,Buddhist Studies Review,http://www.dsbcproject.org/canon-text/book/875
PFCCC1ABF,Boudhatantrokta Siddhauṣadhi Saṅgrahaḥ,http://www.dsbcproject.org/canon-text/book/876
PEFFA66FF,Boudhatantrokta Siddhauṣadhi Saṅgrahaḥ,http://www.dsbcproject.org/canon-text/book/877
PEBE400DE,Sarvabuddhaviṣayāvatārajñānālokālaṁkāra nāma mahāyānasūtra,http://www.dsbcproject.org/canon-text/book/878
PE363468A,Proceedings and Transactions of the Fifth Indian Oriental Conference,http://www.dsbcproject.org/canon-text/book/879
PD034A09E,Proceedings and Transactions of the Fifth Indian Oriental Conference,http://www.dsbcproject.org/canon-text/book/880
PAD84D6A2,Laghukaumudīvyākaraṇam,http://www.dsbcproject.org/canon-text/book/881
P5F707700,Laghukaumudī,http://www.dsbcproject.org/canon-text/book/882
PD75D724D,Le Mahâvastu,http://www.dsbcproject.org/canon-text/book/883
P853E7A5C,Le Mahâvastu,http://www.dsbcproject.org/canon-text/book/884
P040BF068,Le Mahavastu,http://www.dsbcproject.org/canon-text/book/885
PF6C8885B,Le Mahavastu,http://www.dsbcproject.org/canon-text/book/886
